<?xml version="1.0" encoding="UTF-8"?>
<!-- Generated by org.testng.reporters.JUnitReportReporter -->
<testsuite hostname="DESKTOP-0DVQV5K" failures="0" tests="1" name="Tests.GymRequestTest" time="59.619" errors="0" timestamp="2022-07-24T10:53:16 EET" skipped="0">
  <testcase classname="Tests.GymRequestTest" name="gymrequesttest" time="59.619"/>
  <system-out/>
</testsuite> <!-- Tests.GymRequestTest -->
